c:\users\maciek\source\repos\projekt-sfml new\towerdefense\x64\release\vc143.pdb
c:\users\maciek\source\repos\projekt-sfml new\towerdefense\x64\release\towerdefense.obj
c:\users\maciek\source\repos\projekt-sfml new\towerdefense\x64\release\towerbasetile.obj
c:\users\maciek\source\repos\projekt-sfml new\towerdefense\x64\release\tileset.obj
c:\users\maciek\source\repos\projekt-sfml new\towerdefense\x64\release\tileselector.obj
c:\users\maciek\source\repos\projekt-sfml new\towerdefense\x64\release\tile.obj
c:\users\maciek\source\repos\projekt-sfml new\towerdefense\x64\release\pathtile.obj
c:\users\maciek\source\repos\projekt-sfml new\towerdefense\x64\release\mousepos.obj
c:\users\maciek\source\repos\projekt-sfml new\towerdefense\x64\release\gamestate.obj
c:\users\maciek\source\repos\projekt-sfml new\towerdefense\x64\release\backgroundtile.obj
c:\users\maciek\source\repos\projekt-sfml new\towerdefense\x64\release\towerdefense.exe
c:\users\maciek\source\repos\projekt-sfml new\towerdefense\x64\release\towerdefense.pdb
c:\users\maciek\source\repos\projekt-sfml new\towerdefense\x64\release\towerdefense.ipdb
c:\users\maciek\source\repos\projekt-sfml new\towerdefense\x64\release\towerdefense.iobj
c:\users\maciek\source\repos\projekt-sfml new\towerdefense\x64\release\towerdefense.tlog\cl.command.1.tlog
c:\users\maciek\source\repos\projekt-sfml new\towerdefense\x64\release\towerdefense.tlog\cl.read.1.tlog
c:\users\maciek\source\repos\projekt-sfml new\towerdefense\x64\release\towerdefense.tlog\cl.write.1.tlog
c:\users\maciek\source\repos\projekt-sfml new\towerdefense\x64\release\towerdefense.tlog\link.command.1.tlog
c:\users\maciek\source\repos\projekt-sfml new\towerdefense\x64\release\towerdefense.tlog\link.read.1.tlog
c:\users\maciek\source\repos\projekt-sfml new\towerdefense\x64\release\towerdefense.tlog\link.write.1.tlog
c:\users\maciek\source\repos\projekt-sfml new\towerdefense\x64\release\towerdefense.tlog\towerdefense.write.1u.tlog
