c:\users\maciek\source\repos\7787deeb-gr41-repo\projekt\projekt-sfml new\towerdefense\x64\debug\vc143.pdb
c:\users\maciek\source\repos\7787deeb-gr41-repo\projekt\projekt-sfml new\towerdefense\x64\debug\vc143.idb
c:\users\maciek\source\repos\7787deeb-gr41-repo\projekt\projekt-sfml new\towerdefense\x64\debug\towermanager.obj
c:\users\maciek\source\repos\7787deeb-gr41-repo\projekt\projekt-sfml new\towerdefense\x64\debug\towerdefense.obj
c:\users\maciek\source\repos\7787deeb-gr41-repo\projekt\projekt-sfml new\towerdefense\x64\debug\towerbasetile.obj
c:\users\maciek\source\repos\7787deeb-gr41-repo\projekt\projekt-sfml new\towerdefense\x64\debug\tower.obj
c:\users\maciek\source\repos\7787deeb-gr41-repo\projekt\projekt-sfml new\towerdefense\x64\debug\tileset.obj
c:\users\maciek\source\repos\7787deeb-gr41-repo\projekt\projekt-sfml new\towerdefense\x64\debug\tileselector.obj
c:\users\maciek\source\repos\7787deeb-gr41-repo\projekt\projekt-sfml new\towerdefense\x64\debug\tile.obj
c:\users\maciek\source\repos\7787deeb-gr41-repo\projekt\projekt-sfml new\towerdefense\x64\debug\starttile.obj
c:\users\maciek\source\repos\7787deeb-gr41-repo\projekt\projekt-sfml new\towerdefense\x64\debug\snipertower.obj
c:\users\maciek\source\repos\7787deeb-gr41-repo\projekt\projekt-sfml new\towerdefense\x64\debug\shootertower.obj
c:\users\maciek\source\repos\7787deeb-gr41-repo\projekt\projekt-sfml new\towerdefense\x64\debug\pathtile.obj
c:\users\maciek\source\repos\7787deeb-gr41-repo\projekt\projekt-sfml new\towerdefense\x64\debug\mousepos.obj
c:\users\maciek\source\repos\7787deeb-gr41-repo\projekt\projekt-sfml new\towerdefense\x64\debug\gamestate.obj
c:\users\maciek\source\repos\7787deeb-gr41-repo\projekt\projekt-sfml new\towerdefense\x64\debug\enemygenerator.obj
c:\users\maciek\source\repos\7787deeb-gr41-repo\projekt\projekt-sfml new\towerdefense\x64\debug\enemy.obj
c:\users\maciek\source\repos\7787deeb-gr41-repo\projekt\projekt-sfml new\towerdefense\x64\debug\endtile.obj
c:\users\maciek\source\repos\7787deeb-gr41-repo\projekt\projekt-sfml new\towerdefense\x64\debug\bullet.obj
c:\users\maciek\source\repos\7787deeb-gr41-repo\projekt\projekt-sfml new\towerdefense\x64\debug\backgroundtile.obj
c:\users\maciek\source\repos\7787deeb-gr41-repo\projekt\projekt-sfml new\towerdefense\x64\debug\towerdefense.ilk
c:\users\maciek\source\repos\7787deeb-gr41-repo\projekt\projekt-sfml new\towerdefense\x64\debug\towerdefense.exe
c:\users\maciek\source\repos\7787deeb-gr41-repo\projekt\projekt-sfml new\towerdefense\x64\debug\towerdefense.pdb
c:\users\maciek\source\repos\7787deeb-gr41-repo\projekt\projekt-sfml new\towerdefense\x64\debug\towerdefense.tlog\cl.command.1.tlog
c:\users\maciek\source\repos\7787deeb-gr41-repo\projekt\projekt-sfml new\towerdefense\x64\debug\towerdefense.tlog\cl.read.1.tlog
c:\users\maciek\source\repos\7787deeb-gr41-repo\projekt\projekt-sfml new\towerdefense\x64\debug\towerdefense.tlog\cl.write.1.tlog
c:\users\maciek\source\repos\7787deeb-gr41-repo\projekt\projekt-sfml new\towerdefense\x64\debug\towerdefense.tlog\link.command.1.tlog
c:\users\maciek\source\repos\7787deeb-gr41-repo\projekt\projekt-sfml new\towerdefense\x64\debug\towerdefense.tlog\link.read.1.tlog
c:\users\maciek\source\repos\7787deeb-gr41-repo\projekt\projekt-sfml new\towerdefense\x64\debug\towerdefense.tlog\link.write.1.tlog
